<?xml version="1.0" encoding="UTF-8"?>
<testsuite xmlns:xsi="http://www.w3.org/2001/XMLSchema-instance" xsi:noNamespaceSchemaLocation="https://maven.apache.org/surefire/maven-surefire-plugin/xsd/surefire-test-report.xsd" name="Runner" time="8.525" tests="43" errors="0" skipped="42" failures="0">
  <properties>
    <property name="java.specification.version" value="18"/>
    <property name="sun.jnu.encoding" value="UTF-8"/>
    <property name="java.class.path" value="/Users/ahmetbulutluoz/Desktop/My Desktop/course/projeler/Team153_Cucumber/target/test-classes:/Users/ahmetbulutluoz/Desktop/My Desktop/course/projeler/Team153_Cucumber/target/classes:/Users/ahmetbulutluoz/.m2/repository/org/seleniumhq/selenium/selenium-java/4.27.0/selenium-java-4.27.0.jar:/Users/ahmetbulutluoz/.m2/repository/org/seleniumhq/selenium/selenium-api/4.27.0/selenium-api-4.27.0.jar:/Users/ahmetbulutluoz/.m2/repository/org/jspecify/jspecify/1.0.0/jspecify-1.0.0.jar:/Users/ahmetbulutluoz/.m2/repository/org/seleniumhq/selenium/selenium-chrome-driver/4.27.0/selenium-chrome-driver-4.27.0.jar:/Users/ahmetbulutluoz/.m2/repository/com/google/auto/service/auto-service-annotations/1.1.1/auto-service-annotations-1.1.1.jar:/Users/ahmetbulutluoz/.m2/repository/org/seleniumhq/selenium/selenium-chromium-driver/4.27.0/selenium-chromium-driver-4.27.0.jar:/Users/ahmetbulutluoz/.m2/repository/org/seleniumhq/selenium/selenium-json/4.27.0/selenium-json-4.27.0.jar:/Users/ahmetbulutluoz/.m2/repository/org/seleniumhq/selenium/selenium-manager/4.27.0/selenium-manager-4.27.0.jar:/Users/ahmetbulutluoz/.m2/repository/org/seleniumhq/selenium/selenium-devtools-v129/4.27.0/selenium-devtools-v129-4.27.0.jar:/Users/ahmetbulutluoz/.m2/repository/org/seleniumhq/selenium/selenium-devtools-v130/4.27.0/selenium-devtools-v130-4.27.0.jar:/Users/ahmetbulutluoz/.m2/repository/org/seleniumhq/selenium/selenium-devtools-v131/4.27.0/selenium-devtools-v131-4.27.0.jar:/Users/ahmetbulutluoz/.m2/repository/org/seleniumhq/selenium/selenium-devtools-v85/4.27.0/selenium-devtools-v85-4.27.0.jar:/Users/ahmetbulutluoz/.m2/repository/org/seleniumhq/selenium/selenium-edge-driver/4.27.0/selenium-edge-driver-4.27.0.jar:/Users/ahmetbulutluoz/.m2/repository/org/seleniumhq/selenium/selenium-firefox-driver/4.27.0/selenium-firefox-driver-4.27.0.jar:/Users/ahmetbulutluoz/.m2/repository/org/seleniumhq/selenium/selenium-http/4.27.0/selenium-http-4.27.0.jar:/Users/ahmetbulutluoz/.m2/repository/dev/failsafe/failsafe/3.3.2/failsafe-3.3.2.jar:/Users/ahmetbulutluoz/.m2/repository/org/seleniumhq/selenium/selenium-ie-driver/4.27.0/selenium-ie-driver-4.27.0.jar:/Users/ahmetbulutluoz/.m2/repository/org/seleniumhq/selenium/selenium-remote-driver/4.27.0/selenium-remote-driver-4.27.0.jar:/Users/ahmetbulutluoz/.m2/repository/com/google/guava/guava/33.3.1-jre/guava-33.3.1-jre.jar:/Users/ahmetbulutluoz/.m2/repository/com/google/guava/failureaccess/1.0.2/failureaccess-1.0.2.jar:/Users/ahmetbulutluoz/.m2/repository/com/google/guava/listenablefuture/9999.0-empty-to-avoid-conflict-with-guava/listenablefuture-9999.0-empty-to-avoid-conflict-with-guava.jar:/Users/ahmetbulutluoz/.m2/repository/com/google/code/findbugs/jsr305/3.0.2/jsr305-3.0.2.jar:/Users/ahmetbulutluoz/.m2/repository/org/checkerframework/checker-qual/3.43.0/checker-qual-3.43.0.jar:/Users/ahmetbulutluoz/.m2/repository/com/google/errorprone/error_prone_annotations/2.28.0/error_prone_annotations-2.28.0.jar:/Users/ahmetbulutluoz/.m2/repository/com/google/j2objc/j2objc-annotations/3.0.0/j2objc-annotations-3.0.0.jar:/Users/ahmetbulutluoz/.m2/repository/io/opentelemetry/semconv/opentelemetry-semconv/1.25.0-alpha/opentelemetry-semconv-1.25.0-alpha.jar:/Users/ahmetbulutluoz/.m2/repository/io/opentelemetry/opentelemetry-api/1.44.1/opentelemetry-api-1.44.1.jar:/Users/ahmetbulutluoz/.m2/repository/io/opentelemetry/opentelemetry-context/1.44.1/opentelemetry-context-1.44.1.jar:/Users/ahmetbulutluoz/.m2/repository/io/opentelemetry/opentelemetry-exporter-logging/1.44.1/opentelemetry-exporter-logging-1.44.1.jar:/Users/ahmetbulutluoz/.m2/repository/io/opentelemetry/opentelemetry-sdk-common/1.44.1/opentelemetry-sdk-common-1.44.1.jar:/Users/ahmetbulutluoz/.m2/repository/io/opentelemetry/opentelemetry-sdk-extension-autoconfigure-spi/1.44.1/opentelemetry-sdk-extension-autoconfigure-spi-1.44.1.jar:/Users/ahmetbulutluoz/.m2/repository/io/opentelemetry/opentelemetry-sdk-extension-autoconfigure/1.44.1/opentelemetry-sdk-extension-autoconfigure-1.44.1.jar:/Users/ahmetbulutluoz/.m2/repository/io/opentelemetry/opentelemetry-api-incubator/1.44.1-alpha/opentelemetry-api-incubator-1.44.1-alpha.jar:/Users/ahmetbulutluoz/.m2/repository/io/opentelemetry/opentelemetry-sdk-trace/1.44.1/opentelemetry-sdk-trace-1.44.1.jar:/Users/ahmetbulutluoz/.m2/repository/io/opentelemetry/opentelemetry-sdk/1.44.1/opentelemetry-sdk-1.44.1.jar:/Users/ahmetbulutluoz/.m2/repository/io/opentelemetry/opentelemetry-sdk-metrics/1.44.1/opentelemetry-sdk-metrics-1.44.1.jar:/Users/ahmetbulutluoz/.m2/repository/io/opentelemetry/opentelemetry-sdk-logs/1.44.1/opentelemetry-sdk-logs-1.44.1.jar:/Users/ahmetbulutluoz/.m2/repository/net/bytebuddy/byte-buddy/1.15.10/byte-buddy-1.15.10.jar:/Users/ahmetbulutluoz/.m2/repository/org/seleniumhq/selenium/selenium-os/4.27.0/selenium-os-4.27.0.jar:/Users/ahmetbulutluoz/.m2/repository/org/apache/commons/commons-exec/1.4.0/commons-exec-1.4.0.jar:/Users/ahmetbulutluoz/.m2/repository/org/seleniumhq/selenium/selenium-safari-driver/4.27.0/selenium-safari-driver-4.27.0.jar:/Users/ahmetbulutluoz/.m2/repository/org/seleniumhq/selenium/selenium-support/4.27.0/selenium-support-4.27.0.jar:/Users/ahmetbulutluoz/.m2/repository/io/cucumber/cucumber-java/7.20.1/cucumber-java-7.20.1.jar:/Users/ahmetbulutluoz/.m2/repository/io/cucumber/cucumber-core/7.20.1/cucumber-core-7.20.1.jar:/Users/ahmetbulutluoz/.m2/repository/io/cucumber/cucumber-gherkin/7.20.1/cucumber-gherkin-7.20.1.jar:/Users/ahmetbulutluoz/.m2/repository/io/cucumber/cucumber-gherkin-messages/7.20.1/cucumber-gherkin-messages-7.20.1.jar:/Users/ahmetbulutluoz/.m2/repository/io/cucumber/gherkin/28.0.0/gherkin-28.0.0.jar:/Users/ahmetbulutluoz/.m2/repository/io/cucumber/messages/24.1.0/messages-24.1.0.jar:/Users/ahmetbulutluoz/.m2/repository/io/cucumber/testng-xml-formatter/0.2.0/testng-xml-formatter-0.2.0.jar:/Users/ahmetbulutluoz/.m2/repository/io/cucumber/query/12.2.0/query-12.2.0.jar:/Users/ahmetbulutluoz/.m2/repository/io/cucumber/tag-expressions/6.1.0/tag-expressions-6.1.0.jar:/Users/ahmetbulutluoz/.m2/repository/io/cucumber/cucumber-expressions/17.1.0/cucumber-expressions-17.1.0.jar:/Users/ahmetbulutluoz/.m2/repository/io/cucumber/datatable/7.20.1/datatable-7.20.1.jar:/Users/ahmetbulutluoz/.m2/repository/io/cucumber/cucumber-plugin/7.20.1/cucumber-plugin-7.20.1.jar:/Users/ahmetbulutluoz/.m2/repository/io/cucumber/docstring/7.20.1/docstring-7.20.1.jar:/Users/ahmetbulutluoz/.m2/repository/io/cucumber/html-formatter/21.7.0/html-formatter-21.7.0.jar:/Users/ahmetbulutluoz/.m2/repository/io/cucumber/junit-xml-formatter/0.5.0/junit-xml-formatter-0.5.0.jar:/Users/ahmetbulutluoz/.m2/repository/io/cucumber/ci-environment/10.0.1/ci-environment-10.0.1.jar:/Users/ahmetbulutluoz/.m2/repository/org/apiguardian/apiguardian-api/1.1.2/apiguardian-api-1.1.2.jar:/Users/ahmetbulutluoz/.m2/repository/io/cucumber/cucumber-junit-platform-engine/7.20.1/cucumber-junit-platform-engine-7.20.1.jar:/Users/ahmetbulutluoz/.m2/repository/org/junit/platform/junit-platform-engine/1.11.2/junit-platform-engine-1.11.2.jar:/Users/ahmetbulutluoz/.m2/repository/org/junit/jupiter/junit-jupiter-api/5.11.4/junit-jupiter-api-5.11.4.jar:/Users/ahmetbulutluoz/.m2/repository/org/opentest4j/opentest4j/1.3.0/opentest4j-1.3.0.jar:/Users/ahmetbulutluoz/.m2/repository/org/junit/platform/junit-platform-commons/1.11.4/junit-platform-commons-1.11.4.jar:/Users/ahmetbulutluoz/.m2/repository/org/junit/platform/junit-platform-suite/1.11.4/junit-platform-suite-1.11.4.jar:/Users/ahmetbulutluoz/.m2/repository/org/junit/platform/junit-platform-suite-api/1.11.4/junit-platform-suite-api-1.11.4.jar:/Users/ahmetbulutluoz/.m2/repository/org/junit/platform/junit-platform-suite-engine/1.11.4/junit-platform-suite-engine-1.11.4.jar:/Users/ahmetbulutluoz/.m2/repository/org/junit/platform/junit-platform-suite-commons/1.11.4/junit-platform-suite-commons-1.11.4.jar:/Users/ahmetbulutluoz/.m2/repository/org/junit/platform/junit-platform-launcher/1.11.4/junit-platform-launcher-1.11.4.jar:/Users/ahmetbulutluoz/.m2/repository/com/github/javafaker/javafaker/1.0.2/javafaker-1.0.2.jar:/Users/ahmetbulutluoz/.m2/repository/org/apache/commons/commons-lang3/3.5/commons-lang3-3.5.jar:/Users/ahmetbulutluoz/.m2/repository/org/yaml/snakeyaml/1.23/snakeyaml-1.23-android.jar:/Users/ahmetbulutluoz/.m2/repository/com/github/mifmif/generex/1.0.2/generex-1.0.2.jar:/Users/ahmetbulutluoz/.m2/repository/dk/brics/automaton/automaton/1.11-8/automaton-1.11-8.jar:/Users/ahmetbulutluoz/.m2/repository/org/apache/poi/poi/5.3.0/poi-5.3.0.jar:/Users/ahmetbulutluoz/.m2/repository/commons-codec/commons-codec/1.17.0/commons-codec-1.17.0.jar:/Users/ahmetbulutluoz/.m2/repository/org/apache/commons/commons-collections4/4.4/commons-collections4-4.4.jar:/Users/ahmetbulutluoz/.m2/repository/org/apache/commons/commons-math3/3.6.1/commons-math3-3.6.1.jar:/Users/ahmetbulutluoz/.m2/repository/commons-io/commons-io/2.16.1/commons-io-2.16.1.jar:/Users/ahmetbulutluoz/.m2/repository/com/zaxxer/SparseBitSet/1.3/SparseBitSet-1.3.jar:/Users/ahmetbulutluoz/.m2/repository/org/apache/logging/log4j/log4j-api/2.23.1/log4j-api-2.23.1.jar:/Users/ahmetbulutluoz/.m2/repository/org/apache/poi/poi-ooxml/5.3.0/poi-ooxml-5.3.0.jar:/Users/ahmetbulutluoz/.m2/repository/org/apache/poi/poi-ooxml-lite/5.3.0/poi-ooxml-lite-5.3.0.jar:/Users/ahmetbulutluoz/.m2/repository/org/apache/xmlbeans/xmlbeans/5.2.1/xmlbeans-5.2.1.jar:/Users/ahmetbulutluoz/.m2/repository/org/apache/commons/commons-compress/1.26.2/commons-compress-1.26.2.jar:/Users/ahmetbulutluoz/.m2/repository/com/github/virtuald/curvesapi/1.08/curvesapi-1.08.jar:"/>
    <property name="java.vm.vendor" value="Homebrew"/>
    <property name="sun.arch.data.model" value="64"/>
    <property name="java.vendor.url" value="https://github.com/Homebrew/homebrew-core/issues"/>
    <property name="os.name" value="Mac OS X"/>
    <property name="java.vm.specification.version" value="18"/>
    <property name="sun.java.launcher" value="SUN_STANDARD"/>
    <property name="user.country" value="NL"/>
    <property name="sun.boot.library.path" value="/opt/homebrew/Cellar/openjdk/18.0.2/libexec/openjdk.jdk/Contents/Home/lib"/>
    <property name="sun.java.command" value="/Users/ahmetbulutluoz/Desktop/My Desktop/course/projeler/Team153_Cucumber/target/surefire/surefirebooter4394547585668690174.jar /Users/ahmetbulutluoz/Desktop/My Desktop/course/projeler/Team153_Cucumber/target/surefire 2025-01-23T20-14-59_397-jvmRun1 surefire3712643469463546178tmp surefire_01929807479534425137tmp"/>
    <property name="http.nonProxyHosts" value="local|*.local|169.254/16|*.169.254/16"/>
    <property name="jdk.debug" value="release"/>
    <property name="surefire.test.class.path" value="/Users/ahmetbulutluoz/Desktop/My Desktop/course/projeler/Team153_Cucumber/target/test-classes:/Users/ahmetbulutluoz/Desktop/My Desktop/course/projeler/Team153_Cucumber/target/classes:/Users/ahmetbulutluoz/.m2/repository/org/seleniumhq/selenium/selenium-java/4.27.0/selenium-java-4.27.0.jar:/Users/ahmetbulutluoz/.m2/repository/org/seleniumhq/selenium/selenium-api/4.27.0/selenium-api-4.27.0.jar:/Users/ahmetbulutluoz/.m2/repository/org/jspecify/jspecify/1.0.0/jspecify-1.0.0.jar:/Users/ahmetbulutluoz/.m2/repository/org/seleniumhq/selenium/selenium-chrome-driver/4.27.0/selenium-chrome-driver-4.27.0.jar:/Users/ahmetbulutluoz/.m2/repository/com/google/auto/service/auto-service-annotations/1.1.1/auto-service-annotations-1.1.1.jar:/Users/ahmetbulutluoz/.m2/repository/org/seleniumhq/selenium/selenium-chromium-driver/4.27.0/selenium-chromium-driver-4.27.0.jar:/Users/ahmetbulutluoz/.m2/repository/org/seleniumhq/selenium/selenium-json/4.27.0/selenium-json-4.27.0.jar:/Users/ahmetbulutluoz/.m2/repository/org/seleniumhq/selenium/selenium-manager/4.27.0/selenium-manager-4.27.0.jar:/Users/ahmetbulutluoz/.m2/repository/org/seleniumhq/selenium/selenium-devtools-v129/4.27.0/selenium-devtools-v129-4.27.0.jar:/Users/ahmetbulutluoz/.m2/repository/org/seleniumhq/selenium/selenium-devtools-v130/4.27.0/selenium-devtools-v130-4.27.0.jar:/Users/ahmetbulutluoz/.m2/repository/org/seleniumhq/selenium/selenium-devtools-v131/4.27.0/selenium-devtools-v131-4.27.0.jar:/Users/ahmetbulutluoz/.m2/repository/org/seleniumhq/selenium/selenium-devtools-v85/4.27.0/selenium-devtools-v85-4.27.0.jar:/Users/ahmetbulutluoz/.m2/repository/org/seleniumhq/selenium/selenium-edge-driver/4.27.0/selenium-edge-driver-4.27.0.jar:/Users/ahmetbulutluoz/.m2/repository/org/seleniumhq/selenium/selenium-firefox-driver/4.27.0/selenium-firefox-driver-4.27.0.jar:/Users/ahmetbulutluoz/.m2/repository/org/seleniumhq/selenium/selenium-http/4.27.0/selenium-http-4.27.0.jar:/Users/ahmetbulutluoz/.m2/repository/dev/failsafe/failsafe/3.3.2/failsafe-3.3.2.jar:/Users/ahmetbulutluoz/.m2/repository/org/seleniumhq/selenium/selenium-ie-driver/4.27.0/selenium-ie-driver-4.27.0.jar:/Users/ahmetbulutluoz/.m2/repository/org/seleniumhq/selenium/selenium-remote-driver/4.27.0/selenium-remote-driver-4.27.0.jar:/Users/ahmetbulutluoz/.m2/repository/com/google/guava/guava/33.3.1-jre/guava-33.3.1-jre.jar:/Users/ahmetbulutluoz/.m2/repository/com/google/guava/failureaccess/1.0.2/failureaccess-1.0.2.jar:/Users/ahmetbulutluoz/.m2/repository/com/google/guava/listenablefuture/9999.0-empty-to-avoid-conflict-with-guava/listenablefuture-9999.0-empty-to-avoid-conflict-with-guava.jar:/Users/ahmetbulutluoz/.m2/repository/com/google/code/findbugs/jsr305/3.0.2/jsr305-3.0.2.jar:/Users/ahmetbulutluoz/.m2/repository/org/checkerframework/checker-qual/3.43.0/checker-qual-3.43.0.jar:/Users/ahmetbulutluoz/.m2/repository/com/google/errorprone/error_prone_annotations/2.28.0/error_prone_annotations-2.28.0.jar:/Users/ahmetbulutluoz/.m2/repository/com/google/j2objc/j2objc-annotations/3.0.0/j2objc-annotations-3.0.0.jar:/Users/ahmetbulutluoz/.m2/repository/io/opentelemetry/semconv/opentelemetry-semconv/1.25.0-alpha/opentelemetry-semconv-1.25.0-alpha.jar:/Users/ahmetbulutluoz/.m2/repository/io/opentelemetry/opentelemetry-api/1.44.1/opentelemetry-api-1.44.1.jar:/Users/ahmetbulutluoz/.m2/repository/io/opentelemetry/opentelemetry-context/1.44.1/opentelemetry-context-1.44.1.jar:/Users/ahmetbulutluoz/.m2/repository/io/opentelemetry/opentelemetry-exporter-logging/1.44.1/opentelemetry-exporter-logging-1.44.1.jar:/Users/ahmetbulutluoz/.m2/repository/io/opentelemetry/opentelemetry-sdk-common/1.44.1/opentelemetry-sdk-common-1.44.1.jar:/Users/ahmetbulutluoz/.m2/repository/io/opentelemetry/opentelemetry-sdk-extension-autoconfigure-spi/1.44.1/opentelemetry-sdk-extension-autoconfigure-spi-1.44.1.jar:/Users/ahmetbulutluoz/.m2/repository/io/opentelemetry/opentelemetry-sdk-extension-autoconfigure/1.44.1/opentelemetry-sdk-extension-autoconfigure-1.44.1.jar:/Users/ahmetbulutluoz/.m2/repository/io/opentelemetry/opentelemetry-api-incubator/1.44.1-alpha/opentelemetry-api-incubator-1.44.1-alpha.jar:/Users/ahmetbulutluoz/.m2/repository/io/opentelemetry/opentelemetry-sdk-trace/1.44.1/opentelemetry-sdk-trace-1.44.1.jar:/Users/ahmetbulutluoz/.m2/repository/io/opentelemetry/opentelemetry-sdk/1.44.1/opentelemetry-sdk-1.44.1.jar:/Users/ahmetbulutluoz/.m2/repository/io/opentelemetry/opentelemetry-sdk-metrics/1.44.1/opentelemetry-sdk-metrics-1.44.1.jar:/Users/ahmetbulutluoz/.m2/repository/io/opentelemetry/opentelemetry-sdk-logs/1.44.1/opentelemetry-sdk-logs-1.44.1.jar:/Users/ahmetbulutluoz/.m2/repository/net/bytebuddy/byte-buddy/1.15.10/byte-buddy-1.15.10.jar:/Users/ahmetbulutluoz/.m2/repository/org/seleniumhq/selenium/selenium-os/4.27.0/selenium-os-4.27.0.jar:/Users/ahmetbulutluoz/.m2/repository/org/apache/commons/commons-exec/1.4.0/commons-exec-1.4.0.jar:/Users/ahmetbulutluoz/.m2/repository/org/seleniumhq/selenium/selenium-safari-driver/4.27.0/selenium-safari-driver-4.27.0.jar:/Users/ahmetbulutluoz/.m2/repository/org/seleniumhq/selenium/selenium-support/4.27.0/selenium-support-4.27.0.jar:/Users/ahmetbulutluoz/.m2/repository/io/cucumber/cucumber-java/7.20.1/cucumber-java-7.20.1.jar:/Users/ahmetbulutluoz/.m2/repository/io/cucumber/cucumber-core/7.20.1/cucumber-core-7.20.1.jar:/Users/ahmetbulutluoz/.m2/repository/io/cucumber/cucumber-gherkin/7.20.1/cucumber-gherkin-7.20.1.jar:/Users/ahmetbulutluoz/.m2/repository/io/cucumber/cucumber-gherkin-messages/7.20.1/cucumber-gherkin-messages-7.20.1.jar:/Users/ahmetbulutluoz/.m2/repository/io/cucumber/gherkin/28.0.0/gherkin-28.0.0.jar:/Users/ahmetbulutluoz/.m2/repository/io/cucumber/messages/24.1.0/messages-24.1.0.jar:/Users/ahmetbulutluoz/.m2/repository/io/cucumber/testng-xml-formatter/0.2.0/testng-xml-formatter-0.2.0.jar:/Users/ahmetbulutluoz/.m2/repository/io/cucumber/query/12.2.0/query-12.2.0.jar:/Users/ahmetbulutluoz/.m2/repository/io/cucumber/tag-expressions/6.1.0/tag-expressions-6.1.0.jar:/Users/ahmetbulutluoz/.m2/repository/io/cucumber/cucumber-expressions/17.1.0/cucumber-expressions-17.1.0.jar:/Users/ahmetbulutluoz/.m2/repository/io/cucumber/datatable/7.20.1/datatable-7.20.1.jar:/Users/ahmetbulutluoz/.m2/repository/io/cucumber/cucumber-plugin/7.20.1/cucumber-plugin-7.20.1.jar:/Users/ahmetbulutluoz/.m2/repository/io/cucumber/docstring/7.20.1/docstring-7.20.1.jar:/Users/ahmetbulutluoz/.m2/repository/io/cucumber/html-formatter/21.7.0/html-formatter-21.7.0.jar:/Users/ahmetbulutluoz/.m2/repository/io/cucumber/junit-xml-formatter/0.5.0/junit-xml-formatter-0.5.0.jar:/Users/ahmetbulutluoz/.m2/repository/io/cucumber/ci-environment/10.0.1/ci-environment-10.0.1.jar:/Users/ahmetbulutluoz/.m2/repository/org/apiguardian/apiguardian-api/1.1.2/apiguardian-api-1.1.2.jar:/Users/ahmetbulutluoz/.m2/repository/io/cucumber/cucumber-junit-platform-engine/7.20.1/cucumber-junit-platform-engine-7.20.1.jar:/Users/ahmetbulutluoz/.m2/repository/org/junit/platform/junit-platform-engine/1.11.2/junit-platform-engine-1.11.2.jar:/Users/ahmetbulutluoz/.m2/repository/org/junit/jupiter/junit-jupiter-api/5.11.4/junit-jupiter-api-5.11.4.jar:/Users/ahmetbulutluoz/.m2/repository/org/opentest4j/opentest4j/1.3.0/opentest4j-1.3.0.jar:/Users/ahmetbulutluoz/.m2/repository/org/junit/platform/junit-platform-commons/1.11.4/junit-platform-commons-1.11.4.jar:/Users/ahmetbulutluoz/.m2/repository/org/junit/platform/junit-platform-suite/1.11.4/junit-platform-suite-1.11.4.jar:/Users/ahmetbulutluoz/.m2/repository/org/junit/platform/junit-platform-suite-api/1.11.4/junit-platform-suite-api-1.11.4.jar:/Users/ahmetbulutluoz/.m2/repository/org/junit/platform/junit-platform-suite-engine/1.11.4/junit-platform-suite-engine-1.11.4.jar:/Users/ahmetbulutluoz/.m2/repository/org/junit/platform/junit-platform-suite-commons/1.11.4/junit-platform-suite-commons-1.11.4.jar:/Users/ahmetbulutluoz/.m2/repository/org/junit/platform/junit-platform-launcher/1.11.4/junit-platform-launcher-1.11.4.jar:/Users/ahmetbulutluoz/.m2/repository/com/github/javafaker/javafaker/1.0.2/javafaker-1.0.2.jar:/Users/ahmetbulutluoz/.m2/repository/org/apache/commons/commons-lang3/3.5/commons-lang3-3.5.jar:/Users/ahmetbulutluoz/.m2/repository/org/yaml/snakeyaml/1.23/snakeyaml-1.23-android.jar:/Users/ahmetbulutluoz/.m2/repository/com/github/mifmif/generex/1.0.2/generex-1.0.2.jar:/Users/ahmetbulutluoz/.m2/repository/dk/brics/automaton/automaton/1.11-8/automaton-1.11-8.jar:/Users/ahmetbulutluoz/.m2/repository/org/apache/poi/poi/5.3.0/poi-5.3.0.jar:/Users/ahmetbulutluoz/.m2/repository/commons-codec/commons-codec/1.17.0/commons-codec-1.17.0.jar:/Users/ahmetbulutluoz/.m2/repository/org/apache/commons/commons-collections4/4.4/commons-collections4-4.4.jar:/Users/ahmetbulutluoz/.m2/repository/org/apache/commons/commons-math3/3.6.1/commons-math3-3.6.1.jar:/Users/ahmetbulutluoz/.m2/repository/commons-io/commons-io/2.16.1/commons-io-2.16.1.jar:/Users/ahmetbulutluoz/.m2/repository/com/zaxxer/SparseBitSet/1.3/SparseBitSet-1.3.jar:/Users/ahmetbulutluoz/.m2/repository/org/apache/logging/log4j/log4j-api/2.23.1/log4j-api-2.23.1.jar:/Users/ahmetbulutluoz/.m2/repository/org/apache/poi/poi-ooxml/5.3.0/poi-ooxml-5.3.0.jar:/Users/ahmetbulutluoz/.m2/repository/org/apache/poi/poi-ooxml-lite/5.3.0/poi-ooxml-lite-5.3.0.jar:/Users/ahmetbulutluoz/.m2/repository/org/apache/xmlbeans/xmlbeans/5.2.1/xmlbeans-5.2.1.jar:/Users/ahmetbulutluoz/.m2/repository/org/apache/commons/commons-compress/1.26.2/commons-compress-1.26.2.jar:/Users/ahmetbulutluoz/.m2/repository/com/github/virtuald/curvesapi/1.08/curvesapi-1.08.jar:"/>
    <property name="sun.cpu.endian" value="little"/>
    <property name="user.home" value="/Users/ahmetbulutluoz"/>
    <property name="user.language" value="en"/>
    <property name="java.specification.vendor" value="Oracle Corporation"/>
    <property name="java.version.date" value="2022-07-19"/>
    <property name="java.home" value="/opt/homebrew/Cellar/openjdk/18.0.2/libexec/openjdk.jdk/Contents/Home"/>
    <property name="file.separator" value="/"/>
    <property name="basedir" value="/Users/ahmetbulutluoz/Desktop/My Desktop/course/projeler/Team153_Cucumber"/>
    <property name="java.vm.compressedOopsMode" value="Zero based"/>
    <property name="line.separator" value="&#10;"/>
    <property name="java.vm.specification.vendor" value="Oracle Corporation"/>
    <property name="java.specification.name" value="Java Platform API Specification"/>
    <property name="apple.awt.application.name" value="ForkedBooter"/>
    <property name="surefire.real.class.path" value="/Users/ahmetbulutluoz/Desktop/My Desktop/course/projeler/Team153_Cucumber/target/surefire/surefirebooter4394547585668690174.jar"/>
    <property name="sun.management.compiler" value="HotSpot 64-Bit Tiered Compilers"/>
    <property name="ftp.nonProxyHosts" value="local|*.local|169.254/16|*.169.254/16"/>
    <property name="java.runtime.version" value="18.0.2+0"/>
    <property name="user.name" value="ahmetbulutluoz"/>
    <property name="path.separator" value=":"/>
    <property name="os.version" value="15.2"/>
    <property name="java.runtime.name" value="OpenJDK Runtime Environment"/>
    <property name="file.encoding" value="UTF-8"/>
    <property name="java.vm.name" value="OpenJDK 64-Bit Server VM"/>
    <property name="java.vendor.version" value="Homebrew"/>
    <property name="localRepository" value="/Users/ahmetbulutluoz/.m2/repository"/>
    <property name="java.vendor.url.bug" value="https://github.com/Homebrew/homebrew-core/issues"/>
    <property name="java.io.tmpdir" value="/var/folders/k5/tn4cs92s1h37ttm_c9jbh3wm0000gn/T/"/>
    <property name="java.version" value="18.0.2"/>
    <property name="user.dir" value="/Users/ahmetbulutluoz/Desktop/My Desktop/course/projeler/Team153_Cucumber"/>
    <property name="os.arch" value="aarch64"/>
    <property name="java.vm.specification.name" value="Java Virtual Machine Specification"/>
    <property name="native.encoding" value="US-ASCII"/>
    <property name="java.library.path" value="/Users/ahmetbulutluoz/Library/Java/Extensions:/Library/Java/Extensions:/Network/Library/Java/Extensions:/System/Library/Java/Extensions:/usr/lib/java:."/>
    <property name="java.vm.info" value="mixed mode, sharing"/>
    <property name="java.vendor" value="Homebrew"/>
    <property name="java.vm.version" value="18.0.2+0"/>
    <property name="sun.io.unicode.encoding" value="UnicodeBig"/>
    <property name="socksNonProxyHosts" value="local|*.local|169.254/16|*.169.254/16"/>
    <property name="java.class.version" value="62.0"/>
  </properties>
  <testcase name="TC01 kullanici phone arattiginda sonuc bulabilmeli" classname="io.cucumber.junit.platform.engine.CucumberTestEngine" time="0">
    <skipped message="&apos;cucumber.filter.tags=@wip&apos; did not match this scenario"/>
    <system-err><![CDATA[Jan 23, 2025 8:14:59 PM io.cucumber.junit.platform.engine.DiscoverySelectorResolver warnWhenCucumberFeaturesPropertyIsUsed
WARNING: Discovering tests using the cucumber.features property. Other discovery selectors are ignored!

This is a work around for the limited JUnit 5 support in Maven and Gradle. Please request/upvote/sponsor/ect better support for JUnit 5 discovery selectors. For details see: https://github.com/cucumber/cucumber-jvm/pull/2498

If you are using the JUnit 5 Suite Engine, Platform Launcher API or Console Launcher you should not use this property. Please consult the JUnit 5 documentation on test selection.
]]></system-err>
  </testcase>
  <testcase name="TC02 kullanici dress arattiginda sonuc bulabilmeli" classname="io.cucumber.junit.platform.engine.CucumberTestEngine" time="0">
    <skipped message="&apos;cucumber.filter.tags=@wip&apos; did not match this scenario"/>
  </testcase>
  <testcase name="TC03 kullanici Java arattiginda sonuc bulamamali" classname="io.cucumber.junit.platform.engine.CucumberTestEngine" time="0">
    <skipped message="&apos;cucumber.filter.tags=@wip&apos; did not match this scenario"/>
  </testcase>
  <testcase name="TC04 Kullanici arattigi urunu sepete ekleyebilmeli" classname="io.cucumber.junit.platform.engine.CucumberTestEngine" time="0">
    <skipped message="&apos;cucumber.filter.tags=@wip&apos; did not match this scenario"/>
  </testcase>
  <testcase name="TC05 Kullanici sepete ekledigi urunun dogru sekilde sepete eklendigini kontrol edebilmeli" classname="io.cucumber.junit.platform.engine.CucumberTestEngine" time="0">
    <skipped message="&apos;cucumber.filter.tags=@wip&apos; did not match this scenario"/>
  </testcase>
  <testcase name="TC06 kullanici phone arattiginda sonuc bulabilmeli" classname="io.cucumber.junit.platform.engine.CucumberTestEngine" time="0">
    <skipped message="&apos;cucumber.filter.tags=@wip&apos; did not match this scenario"/>
  </testcase>
  <testcase name="TC07 kullanici dress arattiginda sonuc bulabilmeli" classname="io.cucumber.junit.platform.engine.CucumberTestEngine" time="0">
    <skipped message="&apos;cucumber.filter.tags=@wip&apos; did not match this scenario"/>
  </testcase>
  <testcase name="TC08 kullanici Java arattiginda sonuc bulamamali" classname="io.cucumber.junit.platform.engine.CucumberTestEngine" time="0">
    <skipped message="&apos;cucumber.filter.tags=@wip&apos; did not match this scenario"/>
  </testcase>
  <testcase name="TC09 Kullanici verilen her urunu tek step ile aratabilmeli" classname="io.cucumber.junit.platform.engine.CucumberTestEngine" time="0">
    <skipped message="&apos;cucumber.filter.tags=@wip&apos; did not match this scenario"/>
  </testcase>
  <testcase name="TC10 Kullanici configuration dosyasindaki gecerli datalarla giris yapabilmeli" classname="io.cucumber.junit.platform.engine.CucumberTestEngine" time="0">
    <skipped message="&apos;cucumber.filter.tags=@wip&apos; did not match this scenario"/>
  </testcase>
  <testcase name="TC11 Kullanici gecersiz email ve gecerli password ile giris yapamamali" classname="io.cucumber.junit.platform.engine.CucumberTestEngine" time="0">
    <skipped message="&apos;cucumber.filter.tags=@wip&apos; did not match this scenario"/>
  </testcase>
  <testcase name="TC12 Kullanici gecerli email ve gecersiz password ile giris yapamamali" classname="io.cucumber.junit.platform.engine.CucumberTestEngine" time="0">
    <skipped message="&apos;cucumber.filter.tags=@wip&apos; did not match this scenario"/>
  </testcase>
  <testcase name="TC13 Kullanici gecersiz email ve gecersiz password ile giris yapamamali" classname="io.cucumber.junit.platform.engine.CucumberTestEngine" time="0">
    <skipped message="&apos;cucumber.filter.tags=@wip&apos; did not match this scenario"/>
  </testcase>
  <testcase name="TC14 Kullanici fake bilgilerle kullanici olusturabilmeli" classname="io.cucumber.junit.platform.engine.CucumberTestEngine" time="0">
    <skipped message="&apos;cucumber.filter.tags=@wip&apos; did not match this scenario"/>
  </testcase>
  <testcase name="TC15 Kullanici sepete dogru urun eklendigini test edebilmeli" classname="io.cucumber.junit.platform.engine.CucumberTestEngine" time="0">
    <skipped message="&apos;cucumber.filter.tags=@wip&apos; did not match this scenario"/>
  </testcase>
  <testcase name="TC16 Kullanici butonlarin gorundugunu ve calistigini test eder" classname="io.cucumber.junit.platform.engine.CucumberTestEngine" time="0">
    <skipped message="&apos;cucumber.filter.tags=@wip&apos; did not match this scenario"/>
  </testcase>
  <testcase name="Example #1.1" classname="io.cucumber.junit.platform.engine.CucumberTestEngine" time="0">
    <skipped message="&apos;cucumber.filter.tags=@wip&apos; did not match this scenario"/>
  </testcase>
  <testcase name="Example #1.1" classname="io.cucumber.junit.platform.engine.CucumberTestEngine" time="0">
    <skipped message="&apos;cucumber.filter.tags=@wip&apos; did not match this scenario"/>
  </testcase>
  <testcase name="Example #1.1" classname="io.cucumber.junit.platform.engine.CucumberTestEngine" time="0">
    <skipped message="&apos;cucumber.filter.tags=@wip&apos; did not match this scenario"/>
  </testcase>
  <testcase name="Example #1.1" classname="io.cucumber.junit.platform.engine.CucumberTestEngine" time="0">
    <skipped message="&apos;cucumber.filter.tags=@wip&apos; did not match this scenario"/>
  </testcase>
  <testcase name="Example #1.2" classname="io.cucumber.junit.platform.engine.CucumberTestEngine" time="0">
    <skipped message="&apos;cucumber.filter.tags=@wip&apos; did not match this scenario"/>
  </testcase>
  <testcase name="Example #1.2" classname="io.cucumber.junit.platform.engine.CucumberTestEngine" time="0">
    <skipped message="&apos;cucumber.filter.tags=@wip&apos; did not match this scenario"/>
  </testcase>
  <testcase name="Example #1.2" classname="io.cucumber.junit.platform.engine.CucumberTestEngine" time="0">
    <skipped message="&apos;cucumber.filter.tags=@wip&apos; did not match this scenario"/>
  </testcase>
  <testcase name="Example #1.2" classname="io.cucumber.junit.platform.engine.CucumberTestEngine" time="0">
    <skipped message="&apos;cucumber.filter.tags=@wip&apos; did not match this scenario"/>
  </testcase>
  <testcase name="Example #1.3" classname="io.cucumber.junit.platform.engine.CucumberTestEngine" time="0">
    <skipped message="&apos;cucumber.filter.tags=@wip&apos; did not match this scenario"/>
  </testcase>
  <testcase name="Example #1.3" classname="io.cucumber.junit.platform.engine.CucumberTestEngine" time="0">
    <skipped message="&apos;cucumber.filter.tags=@wip&apos; did not match this scenario"/>
  </testcase>
  <testcase name="Example #1.3" classname="io.cucumber.junit.platform.engine.CucumberTestEngine" time="0">
    <skipped message="&apos;cucumber.filter.tags=@wip&apos; did not match this scenario"/>
  </testcase>
  <testcase name="Example #1.3" classname="io.cucumber.junit.platform.engine.CucumberTestEngine" time="0">
    <skipped message="&apos;cucumber.filter.tags=@wip&apos; did not match this scenario"/>
  </testcase>
  <testcase name="Example #1.4" classname="io.cucumber.junit.platform.engine.CucumberTestEngine" time="0">
    <skipped message="&apos;cucumber.filter.tags=@wip&apos; did not match this scenario"/>
  </testcase>
  <testcase name="Example #1.4" classname="io.cucumber.junit.platform.engine.CucumberTestEngine" time="0">
    <skipped message="&apos;cucumber.filter.tags=@wip&apos; did not match this scenario"/>
  </testcase>
  <testcase name="Example #1.4" classname="io.cucumber.junit.platform.engine.CucumberTestEngine" time="0">
    <skipped message="&apos;cucumber.filter.tags=@wip&apos; did not match this scenario"/>
  </testcase>
  <testcase name="Example #1.4" classname="io.cucumber.junit.platform.engine.CucumberTestEngine" time="0">
    <skipped message="&apos;cucumber.filter.tags=@wip&apos; did not match this scenario"/>
  </testcase>
  <testcase name="Example #1.5" classname="io.cucumber.junit.platform.engine.CucumberTestEngine" time="0">
    <skipped message="&apos;cucumber.filter.tags=@wip&apos; did not match this scenario"/>
  </testcase>
  <testcase name="Example #1.5" classname="io.cucumber.junit.platform.engine.CucumberTestEngine" time="0">
    <skipped message="&apos;cucumber.filter.tags=@wip&apos; did not match this scenario"/>
  </testcase>
  <testcase name="Example #1.5" classname="io.cucumber.junit.platform.engine.CucumberTestEngine" time="0">
    <skipped message="&apos;cucumber.filter.tags=@wip&apos; did not match this scenario"/>
  </testcase>
  <testcase name="Example #1.5" classname="io.cucumber.junit.platform.engine.CucumberTestEngine" time="0">
    <skipped message="&apos;cucumber.filter.tags=@wip&apos; did not match this scenario"/>
  </testcase>
  <testcase name="Example #1.6" classname="io.cucumber.junit.platform.engine.CucumberTestEngine" time="0">
    <skipped message="&apos;cucumber.filter.tags=@wip&apos; did not match this scenario"/>
  </testcase>
  <testcase name="Example #1.6" classname="io.cucumber.junit.platform.engine.CucumberTestEngine" time="0">
    <skipped message="&apos;cucumber.filter.tags=@wip&apos; did not match this scenario"/>
  </testcase>
  <testcase name="Example #1.6" classname="io.cucumber.junit.platform.engine.CucumberTestEngine" time="0">
    <skipped message="&apos;cucumber.filter.tags=@wip&apos; did not match this scenario"/>
  </testcase>
  <testcase name="Example #1.7" classname="io.cucumber.junit.platform.engine.CucumberTestEngine" time="0">
    <skipped message="&apos;cucumber.filter.tags=@wip&apos; did not match this scenario"/>
  </testcase>
  <testcase name="Example #1.7" classname="io.cucumber.junit.platform.engine.CucumberTestEngine" time="0">
    <skipped message="&apos;cucumber.filter.tags=@wip&apos; did not match this scenario"/>
  </testcase>
  <testcase name="Example #1.8" classname="io.cucumber.junit.platform.engine.CucumberTestEngine" time="0">
    <skipped message="&apos;cucumber.filter.tags=@wip&apos; did not match this scenario"/>
  </testcase>
  <testcase name="TC21 Kullanici butonlarin calistirabilmeli" classname="io.cucumber.junit.platform.engine.CucumberTestEngine" time="8.364"/>
</testsuite>